[2026-02-06T18:51:20.155+0000] {processor.py:161} INFO - Started process (PID=71) to work on /opt/airflow/dags/practice1_dag.py
[2026-02-06T18:51:20.158+0000] {processor.py:830} INFO - Processing file /opt/airflow/dags/practice1_dag.py for tasks to queue
[2026-02-06T18:51:20.164+0000] {logging_mixin.py:188} INFO - [2026-02-06T18:51:20.162+0000] {dagbag.py:545} INFO - Filling up the DagBag from /opt/airflow/dags/practice1_dag.py
[2026-02-06T18:51:25.588+0000] {processor.py:840} INFO - DAG(s) 'pratice_dag' retrieved from /opt/airflow/dags/practice1_dag.py
[2026-02-06T18:51:25.873+0000] {logging_mixin.py:188} INFO - [2026-02-06T18:51:25.871+0000] {override.py:1858} INFO - Created Permission View: can delete on DAG:pratice_dag
[2026-02-06T18:51:25.936+0000] {logging_mixin.py:188} INFO - [2026-02-06T18:51:25.934+0000] {override.py:1858} INFO - Created Permission View: can read on DAG:pratice_dag
[2026-02-06T18:51:25.982+0000] {logging_mixin.py:188} INFO - [2026-02-06T18:51:25.981+0000] {override.py:1858} INFO - Created Permission View: can edit on DAG:pratice_dag
[2026-02-06T18:51:25.984+0000] {logging_mixin.py:188} INFO - [2026-02-06T18:51:25.983+0000] {dag.py:3089} INFO - Sync 1 DAGs
[2026-02-06T18:51:26.031+0000] {logging_mixin.py:188} INFO - [2026-02-06T18:51:26.029+0000] {dag.py:3111} INFO - Creating ORM DAG for pratice_dag
[2026-02-06T18:51:26.061+0000] {logging_mixin.py:188} INFO - [2026-02-06T18:51:26.060+0000] {dag.py:3947} INFO - Setting next_dagrun for pratice_dag to 2026-02-06 17:00:00+00:00, run_after=2026-02-06 18:00:00+00:00
[2026-02-06T18:51:26.124+0000] {processor.py:183} INFO - Processing /opt/airflow/dags/practice1_dag.py took 5.987 seconds
[2026-02-06T18:51:56.458+0000] {processor.py:161} INFO - Started process (PID=81) to work on /opt/airflow/dags/practice1_dag.py
[2026-02-06T18:51:56.461+0000] {processor.py:830} INFO - Processing file /opt/airflow/dags/practice1_dag.py for tasks to queue
[2026-02-06T18:51:56.465+0000] {logging_mixin.py:188} INFO - [2026-02-06T18:51:56.464+0000] {dagbag.py:545} INFO - Filling up the DagBag from /opt/airflow/dags/practice1_dag.py
[2026-02-06T18:51:57.104+0000] {processor.py:840} INFO - DAG(s) 'pratice_dag' retrieved from /opt/airflow/dags/practice1_dag.py
[2026-02-06T18:51:57.486+0000] {logging_mixin.py:188} INFO - [2026-02-06T18:51:57.486+0000] {dag.py:3089} INFO - Sync 1 DAGs
[2026-02-06T18:51:57.522+0000] {logging_mixin.py:188} INFO - [2026-02-06T18:51:57.521+0000] {dag.py:3947} INFO - Setting next_dagrun for pratice_dag to 2026-02-06 17:00:00+00:00, run_after=2026-02-06 18:00:00+00:00
[2026-02-06T18:51:57.554+0000] {processor.py:183} INFO - Processing /opt/airflow/dags/practice1_dag.py took 1.111 seconds
[2026-02-06T18:52:28.161+0000] {processor.py:161} INFO - Started process (PID=102) to work on /opt/airflow/dags/practice1_dag.py
[2026-02-06T18:52:28.164+0000] {processor.py:830} INFO - Processing file /opt/airflow/dags/practice1_dag.py for tasks to queue
[2026-02-06T18:52:28.168+0000] {logging_mixin.py:188} INFO - [2026-02-06T18:52:28.167+0000] {dagbag.py:545} INFO - Filling up the DagBag from /opt/airflow/dags/practice1_dag.py
[2026-02-06T18:52:29.230+0000] {processor.py:840} INFO - DAG(s) 'pratice_dag' retrieved from /opt/airflow/dags/practice1_dag.py
[2026-02-06T18:52:29.318+0000] {logging_mixin.py:188} INFO - [2026-02-06T18:52:29.317+0000] {dag.py:3089} INFO - Sync 1 DAGs
[2026-02-06T18:52:29.392+0000] {logging_mixin.py:188} INFO - [2026-02-06T18:52:29.392+0000] {dag.py:3947} INFO - Setting next_dagrun for pratice_dag to 2026-02-06 18:00:00+00:00, run_after=2026-02-06 19:00:00+00:00
[2026-02-06T18:52:29.484+0000] {processor.py:183} INFO - Processing /opt/airflow/dags/practice1_dag.py took 1.340 seconds
[2026-02-06T18:52:59.943+0000] {processor.py:161} INFO - Started process (PID=111) to work on /opt/airflow/dags/practice1_dag.py
[2026-02-06T18:52:59.946+0000] {processor.py:830} INFO - Processing file /opt/airflow/dags/practice1_dag.py for tasks to queue
[2026-02-06T18:52:59.950+0000] {logging_mixin.py:188} INFO - [2026-02-06T18:52:59.949+0000] {dagbag.py:545} INFO - Filling up the DagBag from /opt/airflow/dags/practice1_dag.py
[2026-02-06T18:53:01.236+0000] {processor.py:840} INFO - DAG(s) 'pratice_dag' retrieved from /opt/airflow/dags/practice1_dag.py
[2026-02-06T18:53:01.346+0000] {logging_mixin.py:188} INFO - [2026-02-06T18:53:01.344+0000] {dag.py:3089} INFO - Sync 1 DAGs
[2026-02-06T18:53:01.484+0000] {logging_mixin.py:188} INFO - [2026-02-06T18:53:01.483+0000] {dag.py:3947} INFO - Setting next_dagrun for pratice_dag to 2026-02-06 18:00:00+00:00, run_after=2026-02-06 19:00:00+00:00
[2026-02-06T18:53:01.582+0000] {processor.py:183} INFO - Processing /opt/airflow/dags/practice1_dag.py took 1.658 seconds
[2026-02-06T18:53:32.212+0000] {processor.py:161} INFO - Started process (PID=127) to work on /opt/airflow/dags/practice1_dag.py
[2026-02-06T18:53:32.228+0000] {processor.py:830} INFO - Processing file /opt/airflow/dags/practice1_dag.py for tasks to queue
[2026-02-06T18:53:32.233+0000] {logging_mixin.py:188} INFO - [2026-02-06T18:53:32.232+0000] {dagbag.py:545} INFO - Filling up the DagBag from /opt/airflow/dags/practice1_dag.py
[2026-02-06T18:53:33.238+0000] {processor.py:840} INFO - DAG(s) 'pratice_dag' retrieved from /opt/airflow/dags/practice1_dag.py
[2026-02-06T18:53:33.303+0000] {logging_mixin.py:188} INFO - [2026-02-06T18:53:33.302+0000] {dag.py:3089} INFO - Sync 1 DAGs
[2026-02-06T18:53:33.395+0000] {logging_mixin.py:188} INFO - [2026-02-06T18:53:33.394+0000] {dag.py:3947} INFO - Setting next_dagrun for pratice_dag to 2026-02-06 18:00:00+00:00, run_after=2026-02-06 19:00:00+00:00
[2026-02-06T18:53:33.435+0000] {processor.py:183} INFO - Processing /opt/airflow/dags/practice1_dag.py took 1.237 seconds
[2026-02-06T18:54:03.577+0000] {processor.py:161} INFO - Started process (PID=136) to work on /opt/airflow/dags/practice1_dag.py
[2026-02-06T18:54:03.593+0000] {processor.py:830} INFO - Processing file /opt/airflow/dags/practice1_dag.py for tasks to queue
[2026-02-06T18:54:03.602+0000] {logging_mixin.py:188} INFO - [2026-02-06T18:54:03.600+0000] {dagbag.py:545} INFO - Filling up the DagBag from /opt/airflow/dags/practice1_dag.py
[2026-02-06T18:54:05.017+0000] {processor.py:840} INFO - DAG(s) 'pratice_dag' retrieved from /opt/airflow/dags/practice1_dag.py
[2026-02-06T18:54:05.077+0000] {logging_mixin.py:188} INFO - [2026-02-06T18:54:05.076+0000] {dag.py:3089} INFO - Sync 1 DAGs
[2026-02-06T18:54:05.125+0000] {logging_mixin.py:188} INFO - [2026-02-06T18:54:05.124+0000] {dag.py:3947} INFO - Setting next_dagrun for pratice_dag to 2026-02-06 18:00:00+00:00, run_after=2026-02-06 19:00:00+00:00
[2026-02-06T18:54:05.163+0000] {processor.py:183} INFO - Processing /opt/airflow/dags/practice1_dag.py took 1.789 seconds
