[2026-02-06T18:52:29.188+0000] {local_task_job_runner.py:120} INFO - ::group::Pre task execution logs
[2026-02-06T18:52:29.731+0000] {taskinstance.py:2076} INFO - Dependencies all met for dep_context=non-requeueable deps ti=<TaskInstance: pratice_dag.load scheduled__2026-02-06T17:00:00+00:00 [queued]>
[2026-02-06T18:52:29.746+0000] {taskinstance.py:2076} INFO - Dependencies all met for dep_context=requeueable deps ti=<TaskInstance: pratice_dag.load scheduled__2026-02-06T17:00:00+00:00 [queued]>
[2026-02-06T18:52:29.747+0000] {taskinstance.py:2306} INFO - Starting attempt 1 of 1
[2026-02-06T18:52:29.786+0000] {taskinstance.py:2330} INFO - Executing <Task(_PythonDecoratedOperator): load> on 2026-02-06 17:00:00+00:00
[2026-02-06T18:52:29.805+0000] {warnings.py:112} WARNING - /home/***/.local/lib/python3.12/site-packages/***/task/task_runner/standard_task_runner.py:62: DeprecationWarning: This process (pid=100) is multi-threaded, use of fork() may lead to deadlocks in the child.
  pid = os.fork()

[2026-02-06T18:52:29.809+0000] {standard_task_runner.py:64} INFO - Started process 104 to run task
[2026-02-06T18:52:29.810+0000] {standard_task_runner.py:90} INFO - Running: ['***', 'tasks', 'run', 'pratice_dag', 'load', 'scheduled__2026-02-06T17:00:00+00:00', '--job-id', '9', '--raw', '--subdir', 'DAGS_FOLDER/practice1_dag.py', '--cfg-path', '/tmp/tmp1u6yo4ap']
[2026-02-06T18:52:29.814+0000] {standard_task_runner.py:91} INFO - Job 9: Subtask load
[2026-02-06T18:52:29.910+0000] {task_command.py:426} INFO - Running <TaskInstance: pratice_dag.load scheduled__2026-02-06T17:00:00+00:00 [running]> on host c13ec00f8177
[2026-02-06T18:52:30.147+0000] {taskinstance.py:2648} INFO - Exporting env vars: AIRFLOW_CTX_DAG_OWNER='***' AIRFLOW_CTX_DAG_ID='pratice_dag' AIRFLOW_CTX_TASK_ID='load' AIRFLOW_CTX_EXECUTION_DATE='2026-02-06T17:00:00+00:00' AIRFLOW_CTX_TRY_NUMBER='1' AIRFLOW_CTX_DAG_RUN_ID='scheduled__2026-02-06T17:00:00+00:00'
[2026-02-06T18:52:30.151+0000] {taskinstance.py:430} INFO - ::endgroup::
[2026-02-06T18:52:30.200+0000] {logging_mixin.py:188} INFO - Saved cleaned datat to /opt/***/data/cleaned_data.csv
[2026-02-06T18:52:30.202+0000] {python.py:237} INFO - Done. Returned value was: None
[2026-02-06T18:52:30.203+0000] {taskinstance.py:441} INFO - ::group::Post task execution logs
[2026-02-06T18:52:30.239+0000] {taskinstance.py:1206} INFO - Marking task as SUCCESS. dag_id=pratice_dag, task_id=load, run_id=scheduled__2026-02-06T17:00:00+00:00, execution_date=20260206T170000, start_date=20260206T185229, end_date=20260206T185230
[2026-02-06T18:52:30.309+0000] {local_task_job_runner.py:243} INFO - Task exited with return code 0
[2026-02-06T18:52:30.344+0000] {taskinstance.py:3503} INFO - 0 downstream tasks scheduled from follow-on schedule check
[2026-02-06T18:52:30.349+0000] {local_task_job_runner.py:222} INFO - ::endgroup::
